{
  "RSpec": {
    "coverage": {
      "/home/phn001/at_work/ancar/app/helpers/admin_helper.rb": [
        1,
        null,
        1,
        0,
        null,
        null,
        1,
        0,
        null,
        null,
        1,
        0,
        null,
        null,
        1,
        0,
        0,
        0,
        null,
        null,
        1,
        0,
        0,
        null,
        null,
        1,
        0,
        0,
        null,
        null,
        1,
        0,
        null,
        null,
        1,
        1,
        0,
        null,
        null
      ],
      "/home/phn001/at_work/ancar/app/helpers/admin/in_works_helper.rb": [
        1,
        null
      ],
      "/home/phn001/at_work/ancar/app/models/admin.rb": [
        1,
        1,
        0,
        null,
        null
      ],
      "/home/phn001/at_work/ancar/app/helpers/app_helper.rb": [
        1,
        null,
        1,
        0,
        0,
        null,
        0,
        null,
        null,
        null,
        1,
        0,
        0,
        0,
        null,
        0,
        null,
        null,
        1,
        null,
        0,
        0,
        null,
        null,
        1,
        null,
        0,
        0,
        null,
        0,
        null,
        0,
        null,
        0,
        null,
        0,
        null,
        null,
        null,
        1,
        0,
        0,
        null,
        null,
        1,
        0,
        null,
        null,
        1,
        0,
        null,
        null,
        1,
        0,
        null,
        null
      ],
      "/home/phn001/at_work/ancar/app/helpers/process_summary_helper.rb": [
        1,
        1,
        0,
        0,
        null,
        null,
        1,
        0,
        0,
        null,
        null,
        1,
        0,
        null,
        null,
        1,
        null,
        0,
        0,
        null,
        0,
        null,
        0,
        null,
        0,
        0,
        null,
        0,
        0,
        null,
        0,
        null,
        null,
        null,
        1,
        null,
        null
      ],
      "/home/phn001/at_work/ancar/app/helpers/search_helper.rb": [
        1,
        null,
        1,
        0,
        null,
        null,
        null,
        null,
        null,
        null,
        null,
        null,
        1,
        0,
        null,
        null,
        null,
        null,
        null,
        null,
        null,
        null,
        1,
        0,
        null,
        null,
        1,
        0,
        null,
        null,
        null
      ],
      "/home/phn001/at_work/ancar/app/helpers/sessions_helper.rb": [
        1,
        null
      ],
      "/home/phn001/at_work/ancar/app/helpers/settings_helper.rb": [
        1,
        1,
        14,
        null,
        null
      ],
      "/home/phn001/at_work/ancar/app/helpers/stats_helper.rb": [
        1,
        null,
        1,
        0,
        0,
        0,
        0,
        null,
        null,
        1,
        0,
        0,
        0,
        0,
        null,
        null
      ],
      "/home/phn001/at_work/ancar/app/helpers/text_with_links_helper.rb": [
        1,
        null,
        1,
        0,
        0,
        0,
        null,
        null,
        1,
        0,
        0,
        null,
        null,
        1,
        0,
        null,
        null,
        null
      ],
      "/home/phn001/at_work/ancar/app/helpers/users_helper.rb": [
        1,
        null
      ],
      "/home/phn001/at_work/ancar/app/models/setting.rb": [
        1,
        null,
        1,
        null,
        17,
        null,
        1,
        1,
        2,
        null,
        null,
        1,
        0,
        0,
        0,
        0,
        null,
        null,
        null
      ],
      "/home/phn001/at_work/ancar/app/models/organization_type.rb": [
        1,
        1,
        1,
        1,
        1,
        null
      ],
      "/home/phn001/at_work/ancar/app/models/unit_type.rb": [
        1,
        1,
        1,
        null
      ],
      "/home/phn001/at_work/ancar/app/models/organization.rb": [
        1,
        1,
        1,
        1,
        null
      ],
      "/home/phn001/at_work/ancar/app/models/period.rb": [
        1,
        1,
        1,
        null,
        1,
        1,
        1,
        1,
        1,
        null,
        1,
        0,
        null,
        null
      ],
      "/home/phn001/at_work/ancar/app/models/official_group.rb": [
        1,
        null
      ],
      "/home/phn001/at_work/ancar/app/models/user.rb": [
        1,
        null,
        1,
        1,
        1,
        1,
        null,
        null,
        null,
        1,
        1,
        1,
        1,
        null,
        null,
        1,
        0,
        null,
        null,
        1,
        0,
        null,
        null,
        1,
        0,
        null,
        null,
        1,
        null,
        null,
        null,
        1,
        0,
        null,
        null,
        null
      ],
      "/home/phn001/at_work/ancar/app/models/administrator.rb": [
        1,
        1,
        1,
        null,
        1,
        null
      ],
      "/home/phn001/at_work/ancar/app/models/manager.rb": [
        1,
        1,
        1,
        null,
        1,
        null
      ],
      "/home/phn001/at_work/ancar/app/models/valuator.rb": [
        1,
        1,
        1,
        null,
        1,
        null
      ],
      "/home/phn001/at_work/ancar/app/models/indicator_group.rb": [
        1,
        1,
        1,
        null
      ],
      "/home/phn001/at_work/ancar/app/controllers/welcome_controller.rb": [
        1,
        1,
        1,
        null,
        1,
        null,
        null,
        null,
        1,
        1,
        2,
        0,
        null,
        null,
        null
      ],
      "/home/phn001/at_work/ancar/app/controllers/application_controller.rb": [
        1,
        null,
        null,
        1,
        1,
        null,
        1,
        6,
        null,
        null,
        1,
        2,
        1,
        1,
        0,
        null,
        null,
        null,
        2,
        null,
        2,
        0,
        null,
        null,
        null,
        null,
        null
      ],
      "/home/phn001/at_work/ancar/app/controllers/admin/periods_controller.rb": [
        0,
        0,
        0,
        0,
        0,
        0,
        0,
        0,
        0,
        0,
        0,
        0,
        0,
        0,
        0,
        0,
        0,
        0,
        0,
        0,
        0,
        0,
        0,
        0,
        0,
        0,
        0,
        0,
        0,
        0,
        0,
        0,
        0,
        0,
        0,
        0,
        0,
        0,
        0,
        0,
        0,
        0,
        0,
        0,
        0,
        0,
        0,
        0,
        0
      ],
      "/home/phn001/at_work/ancar/app/controllers/admin/tasks_controller.rb": [
        0,
        0,
        0,
        0,
        0,
        0,
        0,
        0,
        0,
        0,
        0,
        0,
        0,
        0,
        0,
        0,
        0,
        0,
        0,
        0,
        0,
        0,
        0,
        0,
        0,
        0,
        0,
        0,
        0,
        0
      ],
      "/home/phn001/at_work/ancar/app/controllers/admin/stats_controller.rb": [
        0,
        0,
        0,
        0,
        0,
        0,
        0,
        0,
        0,
        0,
        0,
        0,
        0,
        0,
        0,
        0,
        0,
        0,
        0,
        0,
        0,
        0,
        0,
        0,
        0,
        0,
        0,
        0,
        0,
        0,
        0,
        0,
        0,
        0,
        0,
        0,
        0,
        0,
        0,
        0,
        0,
        0,
        0,
        0,
        0,
        0,
        0,
        0,
        0,
        0,
        0,
        0,
        0,
        0,
        0,
        0,
        0,
        0,
        0,
        0,
        0,
        0,
        0,
        0,
        0,
        0,
        0,
        0,
        0,
        0,
        0,
        0,
        0,
        0
      ],
      "/home/phn001/at_work/ancar/app/controllers/admin/settings_controller.rb": [
        0,
        0,
        0,
        0,
        0,
        0,
        0,
        0,
        0,
        0,
        0,
        0,
        0,
        0,
        0,
        0,
        0,
        0,
        0,
        0,
        0,
        0,
        0,
        0,
        0,
        0,
        0,
        0,
        0,
        0,
        0,
        0,
        0,
        0,
        0,
        0,
        0,
        0,
        0,
        0,
        0,
        0,
        0,
        0,
        0,
        0,
        0,
        0,
        0,
        0,
        0,
        0,
        0,
        0,
        0,
        0,
        0,
        0,
        0,
        0,
        0,
        0,
        0,
        0,
        0,
        0,
        0,
        0,
        0,
        0,
        0,
        0,
        0,
        0
      ],
      "/home/phn001/at_work/ancar/app/controllers/admin/organization_types_controller.rb": [
        0,
        0,
        0,
        0,
        0,
        0,
        0,
        0,
        0,
        0,
        0,
        0,
        0,
        0,
        0,
        0,
        0,
        0,
        0,
        0,
        0,
        0,
        0,
        0,
        0,
        0,
        0,
        0,
        0,
        0,
        0,
        0,
        0,
        0,
        0,
        0,
        0,
        0,
        0,
        0,
        0,
        0,
        0,
        0,
        0,
        0,
        0,
        0,
        0,
        0,
        0,
        0,
        0,
        0,
        0,
        0,
        0,
        0,
        0,
        0,
        0,
        0,
        0,
        0,
        0,
        0,
        0,
        0,
        0,
        0,
        0,
        0,
        0,
        0
      ],
      "/home/phn001/at_work/ancar/app/controllers/admin/sources_controller.rb": [
        0,
        0
      ],
      "/home/phn001/at_work/ancar/app/controllers/admin/unit_types_controller.rb": [
        0,
        0,
        0,
        0,
        0,
        0,
        0,
        0,
        0,
        0,
        0,
        0,
        0,
        0,
        0,
        0,
        0,
        0,
        0,
        0,
        0,
        0,
        0,
        0,
        0,
        0,
        0,
        0,
        0,
        0,
        0,
        0,
        0,
        0,
        0,
        0,
        0,
        0,
        0,
        0,
        0,
        0,
        0,
        0,
        0,
        0,
        0,
        0,
        0,
        0,
        0,
        0,
        0,
        0,
        0,
        0,
        0,
        0,
        0,
        0,
        0,
        0,
        0,
        0,
        0,
        0,
        0,
        0,
        0,
        0,
        0,
        0,
        0,
        0
      ],
      "/home/phn001/at_work/ancar/app/controllers/admin/sub_processes_controller.rb": [
        0,
        0,
        0,
        0,
        0,
        0,
        0,
        0,
        0,
        0,
        0,
        0,
        0,
        0,
        0,
        0,
        0,
        0,
        0,
        0,
        0,
        0,
        0,
        0,
        0,
        0
      ],
      "/home/phn001/at_work/ancar/app/controllers/admin/organizations_controller.rb": [
        0,
        0,
        0,
        0
      ],
      "/home/phn001/at_work/ancar/app/controllers/admin/in_works_controller.rb": [
        0,
        0,
        0,
        0,
        0
      ],
      "/home/phn001/at_work/ancar/app/controllers/admin/base_controller.rb": [
        0,
        0,
        0,
        0,
        0,
        0,
        0,
        0,
        0,
        0,
        0,
        0,
        0
      ],
      "/home/phn001/at_work/ancar/app/controllers/admin/units_controller.rb": [
        0,
        0,
        0,
        0,
        0,
        0,
        0,
        0,
        0,
        0,
        0,
        0,
        0,
        0,
        0,
        0,
        0,
        0,
        0,
        0,
        0,
        0,
        0,
        0,
        0,
        0,
        0,
        0,
        0,
        0,
        0,
        0,
        0,
        0,
        0,
        0,
        0,
        0,
        0,
        0,
        0,
        0,
        0,
        0,
        0,
        0,
        0,
        0,
        0,
        0,
        0,
        0,
        0,
        0,
        0,
        0,
        0,
        0,
        0,
        0,
        0,
        0,
        0,
        0,
        0,
        0,
        0,
        0,
        0,
        0,
        0,
        0,
        0,
        0
      ],
      "/home/phn001/at_work/ancar/app/controllers/admin/indicators_controller.rb": [
        0,
        0,
        0,
        0,
        0,
        0,
        0,
        0,
        0,
        0,
        0,
        0,
        0,
        0,
        0,
        0,
        0,
        0,
        0,
        0,
        0,
        0,
        0,
        0,
        0,
        0,
        0,
        0,
        0,
        0,
        0,
        0,
        0,
        0,
        0,
        0,
        0,
        0,
        0,
        0,
        0,
        0,
        0,
        0,
        0,
        0,
        0,
        0
      ],
      "/home/phn001/at_work/ancar/app/controllers/admin/dashboard_controller.rb": [
        0,
        0,
        0,
        0,
        0
      ],
      "/home/phn001/at_work/ancar/app/controllers/admin/main_processes_controller.rb": [
        0,
        0,
        0,
        0,
        0,
        0,
        0,
        0,
        0,
        0,
        0,
        0,
        0,
        0,
        0,
        0,
        0,
        0,
        0,
        0,
        0,
        0,
        0,
        0,
        0,
        0,
        0,
        0,
        0,
        0,
        0,
        0,
        0,
        0,
        0,
        0,
        0,
        0,
        0,
        0,
        0,
        0,
        0,
        0,
        0,
        0,
        0,
        0,
        0,
        0,
        0,
        0,
        0,
        0,
        0,
        0,
        0,
        0,
        0,
        0,
        0,
        0,
        0,
        0,
        0,
        0,
        0,
        0,
        0,
        0,
        0,
        0,
        0,
        0,
        0,
        0,
        0
      ],
      "/home/phn001/at_work/ancar/app/controllers/entry_indicators_controller.rb": [
        0,
        0,
        0,
        0,
        0,
        0,
        0,
        0,
        0,
        0,
        0,
        0,
        0,
        0,
        0,
        0,
        0,
        0,
        0,
        0,
        0,
        0,
        0,
        0,
        0,
        0,
        0,
        0,
        0,
        0,
        0,
        0,
        0,
        0,
        0,
        0,
        0,
        0,
        0,
        0,
        0,
        0,
        0,
        0,
        0,
        0,
        0,
        0,
        0,
        0,
        0,
        0,
        0,
        0,
        0,
        0,
        0,
        0,
        0,
        0,
        0,
        0,
        0,
        0,
        0,
        0,
        0,
        0,
        0,
        0,
        0,
        0,
        0,
        0,
        0,
        0,
        0,
        0,
        0,
        0,
        0,
        0,
        0,
        0,
        0,
        0,
        0,
        0,
        0,
        0,
        0,
        0,
        0,
        0,
        0,
        0,
        0,
        0,
        0,
        0,
        0,
        0,
        0,
        0,
        0,
        0,
        0,
        0,
        0,
        0,
        0,
        0,
        0,
        0,
        0,
        0,
        0,
        0,
        0,
        0,
        0
      ],
      "/home/phn001/at_work/ancar/app/controllers/process_summary_controller.rb": [
        0,
        0,
        0,
        0,
        0,
        0,
        0,
        0,
        0,
        0,
        0,
        0,
        0,
        0,
        0,
        0,
        0,
        0,
        0,
        0,
        0,
        0,
        0,
        0,
        0,
        0,
        0,
        0,
        0,
        0,
        0,
        0,
        0,
        0,
        0
      ],
      "/home/phn001/at_work/ancar/app/controllers/sessions_controller.rb": [
        0,
        0,
        0,
        0,
        0,
        0,
        0,
        0,
        0,
        0,
        0,
        0,
        0,
        0,
        0,
        0,
        0,
        0
      ],
      "/home/phn001/at_work/ancar/app/controllers/in_works_controller.rb": [
        0,
        0,
        0,
        0
      ],
      "/home/phn001/at_work/ancar/app/controllers/output_indicators_controller.rb": [
        0,
        0,
        0,
        0,
        0,
        0,
        0,
        0,
        0,
        0,
        0,
        0,
        0,
        0,
        0,
        0,
        0,
        0,
        0,
        0,
        0,
        0,
        0,
        0,
        0,
        0,
        0,
        0,
        0,
        0,
        0,
        0,
        0,
        0,
        0,
        0,
        0,
        0,
        0,
        0,
        0,
        0,
        0,
        0,
        0,
        0,
        0,
        0,
        0,
        0,
        0,
        0,
        0,
        0,
        0,
        0,
        0,
        0,
        0,
        0,
        0,
        0,
        0,
        0,
        0,
        0,
        0,
        0,
        0,
        0,
        0,
        0,
        0,
        0
      ],
      "/home/phn001/at_work/ancar/app/controllers/users_controller.rb": [
        0,
        0,
        0,
        0,
        0,
        0,
        0,
        0,
        0,
        0,
        0,
        0,
        0,
        0,
        0,
        0
      ],
      "/home/phn001/at_work/ancar/app/models/indicator.rb": [
        0,
        0,
        0,
        0,
        0,
        0,
        0,
        0,
        0,
        0,
        0
      ],
      "/home/phn001/at_work/ancar/app/models/source.rb": [
        0,
        0,
        0,
        0
      ],
      "/home/phn001/at_work/ancar/app/models/stat.rb": [
        0,
        0,
        0,
        0
      ],
      "/home/phn001/at_work/ancar/app/models/assigned_employee.rb": [
        0,
        0,
        0,
        0,
        0,
        0
      ],
      "/home/phn001/at_work/ancar/app/models/unit.rb": [
        0,
        0,
        0,
        0
      ],
      "/home/phn001/at_work/ancar/app/models/task.rb": [
        0,
        0,
        0,
        0,
        0,
        0,
        0,
        0
      ],
      "/home/phn001/at_work/ancar/app/models/item.rb": [
        0,
        0,
        0,
        0,
        0,
        0,
        0
      ],
      "/home/phn001/at_work/ancar/app/models/sub_process.rb": [
        0,
        0,
        0,
        0,
        0,
        0,
        0,
        0,
        0,
        0,
        0,
        0,
        0
      ],
      "/home/phn001/at_work/ancar/app/models/metric.rb": [
        0,
        0,
        0,
        0
      ],
      "/home/phn001/at_work/ancar/app/models/total_indicator.rb": [
        0,
        0,
        0,
        0
      ],
      "/home/phn001/at_work/ancar/app/models/summary_process.rb": [
        0,
        0,
        0,
        0,
        0,
        0
      ],
      "/home/phn001/at_work/ancar/app/models/entry_indicator.rb": [
        0,
        0,
        0,
        0,
        0,
        0,
        0,
        0,
        0,
        0
      ],
      "/home/phn001/at_work/ancar/app/models/indicator_source.rb": [
        0,
        0,
        0,
        0,
        0
      ],
      "/home/phn001/at_work/ancar/app/models/summary_process_indicator.rb": [
        0,
        0,
        0
      ],
      "/home/phn001/at_work/ancar/app/models/indicator_metric.rb": [
        0,
        0,
        0,
        0,
        0,
        0
      ],
      "/home/phn001/at_work/ancar/app/models/output_indicator.rb": [
        0,
        0
      ],
      "/home/phn001/at_work/ancar/app/models/summary_process_detail.rb": [
        0,
        0,
        0
      ],
      "/home/phn001/at_work/ancar/app/models/main_process.rb": [
        0,
        0,
        0,
        0,
        0,
        0,
        0,
        0,
        0
      ],
      "/home/phn001/at_work/ancar/lib/capistrano/substitute_strings.rb": [
        0,
        0,
        0,
        0,
        0,
        0,
        0,
        0,
        0,
        0,
        0,
        0
      ],
      "/home/phn001/at_work/ancar/lib/capistrano/template.rb": [
        0,
        0,
        0,
        0,
        0,
        0,
        0,
        0,
        0,
        0,
        0,
        0,
        0,
        0,
        0,
        0,
        0,
        0,
        0,
        0,
        0,
        0,
        0,
        0,
        0,
        0,
        0,
        0,
        0,
        0,
        0,
        0
      ]
    },
    "timestamp": 1467709790
  }
}
